# JRE version: OpenJDK Runtime Environment Temurin-17.0.9+9 (17.0.9+9) (build 17.0.9+9)
# Java VM: OpenJDK 64-Bit Server VM Temurin-17.0.9+9 (17.0.9+9, mixed mode, tiered, compressed oops, compressed class ptrs, parallel gc, windows-amd64)
GC Precious Log:
 CPUs: 4 total, 4 available
 Memory: 12193M
 Large Page Support: Disabled
 NUMA Support: Disabled
 Compressed Oops: Enabled (32-bit)
 Alignments: Space 512K, Generation 512K, Heap 2M
 Heap Min Capacity: 100M
 Heap Initial Capacity: 100M
 Heap Max Capacity: 1G
 Pre-touch: Disabled
 Parallel Workers: 4
Heap:
 PSYoungGen      total 21504K, used 21112K [0x00000000eab00000, 0x00000000ec800000, 0x0000000100000000)
  eden space 14336K, 100% used [0x00000000eab00000,0x00000000eb900000,0x00000000eb900000)
  from space 7168K, 94% used [0x00000000eb900000,0x00000000ebf9e168,0x00000000ec000000)
  to   space 7680K, 0% used [0x00000000ec080000,0x00000000ec080000,0x00000000ec800000)
 ParOldGen       total 440320K, used 426735K [0x00000000c0000000, 0x00000000dae00000, 0x00000000eab00000)
  object space 440320K, 96% used [0x00000000c0000000,0x00000000da0bbda0,0x00000000dae00000)
 Metaspace       used 73012K, committed 74240K, reserved 1179648K
  class space    used 7615K, committed 8192K, reserved 1048576K
GC Heap History (20 events):
Event: 111.938 GC heap before
{Heap before GC invocations=121 (full 12):
 PSYoungGen      total 23040K, used 23024K [0x00000000eab00000, 0x00000000ece00000, 0x0000000100000000)
  eden space 14336K, 100% used [0x00000000eab00000,0x00000000eb900000,0x00000000eb900000)
  from space 8704K, 99% used [0x00000000eba00000,0x00000000ec27c0e8,0x00000000ec280000)
  to   space 10752K, 0% used [0x00000000ec380000,0x00000000ec380000,0x00000000ece00000)
 ParOldGen       total 440320K, used 410302K [0x00000000c0000000, 0x00000000dae00000, 0x00000000eab00000)
  object space 440320K, 93% used [0x00000000c0000000,0x00000000d90af9b0,0x00000000dae00000)
 Metaspace       used 72240K, committed 73472K, reserved 1114112K
  class space    used 7594K, committed 8192K, reserved 1048576K
}
Event: 111.951 GC heap after
{Heap after GC invocations=121 (full 12):
 PSYoungGen      total 21504K, used 6881K [0x00000000eab00000, 0x00000000eca80000, 0x0000000100000000)
  eden space 14336K, 0% used [0x00000000eab00000,0x00000000eab00000,0x00000000eb900000)
  from space 7168K, 95% used [0x00000000ec380000,0x00000000eca384e8,0x00000000eca80000)
  to   space 8192K, 0% used [0x00000000eba80000,0x00000000eba80000,0x00000000ec280000)
 ParOldGen       total 440320K, used 410591K [0x00000000c0000000, 0x00000000dae00000, 0x00000000eab00000)
  object space 440320K, 93% used [0x00000000c0000000,0x00000000d90f7d10,0x00000000dae00000)
 Metaspace       used 72240K, committed 73472K, reserved 1114112K
  class space    used 7594K, committed 8192K, reserved 1048576K
}
Event: 135.937 GC heap before
{Heap before GC invocations=122 (full 12):
 PSYoungGen      total 21504K, used 21217K [0x00000000eab00000, 0x00000000eca80000, 0x0000000100000000)
  eden space 14336K, 100% used [0x00000000eab00000,0x00000000eb900000,0x00000000eb900000)
  from space 7168K, 95% used [0x00000000ec380000,0x00000000eca384e8,0x00000000eca80000)
  to   space 8192K, 0% used [0x00000000eba80000,0x00000000eba80000,0x00000000ec280000)
 ParOldGen       total 440320K, used 410591K [0x00000000c0000000, 0x00000000dae00000, 0x00000000eab00000)
  object space 440320K, 93% used [0x00000000c0000000,0x00000000d90f7d10,0x00000000dae00000)
 Metaspace       used 72273K, committed 73536K, reserved 1114112K
  class space    used 7594K, committed 8192K, reserved 1048576K
}
Event: 135.946 GC heap after
{Heap after GC invocations=122 (full 12):
 PSYoungGen      total 22528K, used 8188K [0x00000000eab00000, 0x00000000ecd00000, 0x0000000100000000)
  eden space 14336K, 0% used [0x00000000eab00000,0x00000000eab00000,0x00000000eb900000)
  from space 8192K, 99% used [0x00000000eba80000,0x00000000ec27f368,0x00000000ec280000)
  to   space 10240K, 0% used [0x00000000ec300000,0x00000000ec300000,0x00000000ecd00000)
 ParOldGen       total 440320K, used 411910K [0x00000000c0000000, 0x00000000dae00000, 0x00000000eab00000)
  object space 440320K, 93% used [0x00000000c0000000,0x00000000d9241808,0x00000000dae00000)
 Metaspace       used 72273K, committed 73536K, reserved 1114112K
  class space    used 7594K, committed 8192K, reserved 1048576K
}
Event: 155.764 GC heap before
{Heap before GC invocations=123 (full 12):
 PSYoungGen      total 22528K, used 22524K [0x00000000eab00000, 0x00000000ecd00000, 0x0000000100000000)
  eden space 14336K, 100% used [0x00000000eab00000,0x00000000eb900000,0x00000000eb900000)
  from space 8192K, 99% used [0x00000000eba80000,0x00000000ec27f368,0x00000000ec280000)
  to   space 10240K, 0% used [0x00000000ec300000,0x00000000ec300000,0x00000000ecd00000)
 ParOldGen       total 440320K, used 411910K [0x00000000c0000000, 0x00000000dae00000, 0x00000000eab00000)
  object space 440320K, 93% used [0x00000000c0000000,0x00000000d9241808,0x00000000dae00000)
 Metaspace       used 72327K, committed 73536K, reserved 1114112K
  class space    used 7595K, committed 8192K, reserved 1048576K
}
Event: 155.780 GC heap after
{Heap after GC invocations=123 (full 12):
 PSYoungGen      total 19456K, used 4644K [0x00000000eab00000, 0x00000000ec800000, 0x0000000100000000)
  eden space 14336K, 0% used [0x00000000eab00000,0x00000000eab00000,0x00000000eb900000)
  from space 5120K, 90% used [0x00000000ec300000,0x00000000ec789368,0x00000000ec800000)
  to   space 6656K, 0% used [0x00000000ebb00000,0x00000000ebb00000,0x00000000ec180000)
 ParOldGen       total 440320K, used 416566K [0x00000000c0000000, 0x00000000dae00000, 0x00000000eab00000)
  object space 440320K, 94% used [0x00000000c0000000,0x00000000d96cd808,0x00000000dae00000)
 Metaspace       used 72327K, committed 73536K, reserved 1114112K
  class space    used 7595K, committed 8192K, reserved 1048576K
}
Event: 158.992 GC heap before
{Heap before GC invocations=124 (full 12):
 PSYoungGen      total 19456K, used 18980K [0x00000000eab00000, 0x00000000ec800000, 0x0000000100000000)
  eden space 14336K, 100% used [0x00000000eab00000,0x00000000eb900000,0x00000000eb900000)
  from space 5120K, 90% used [0x00000000ec300000,0x00000000ec789368,0x00000000ec800000)
  to   space 6656K, 0% used [0x00000000ebb00000,0x00000000ebb00000,0x00000000ec180000)
 ParOldGen       total 440320K, used 416566K [0x00000000c0000000, 0x00000000dae00000, 0x00000000eab00000)
  object space 440320K, 94% used [0x00000000c0000000,0x00000000d96cd808,0x00000000dae00000)
 Metaspace       used 72391K, committed 73600K, reserved 1179648K
  class space    used 7595K, committed 8192K, reserved 1048576K
}
Event: 159.001 GC heap after
{Heap after GC invocations=124 (full 12):
 PSYoungGen      total 19968K, used 5216K [0x00000000eab00000, 0x00000000ec400000, 0x0000000100000000)
  eden space 14336K, 0% used [0x00000000eab00000,0x00000000eab00000,0x00000000eb900000)
  from space 5632K, 92% used [0x00000000ebb00000,0x00000000ec018218,0x00000000ec080000)
  to   space 3584K, 0% used [0x00000000ec080000,0x00000000ec080000,0x00000000ec400000)
 ParOldGen       total 440320K, used 416566K [0x00000000c0000000, 0x00000000dae00000, 0x00000000eab00000)
  object space 440320K, 94% used [0x00000000c0000000,0x00000000d96cd808,0x00000000dae00000)
 Metaspace       used 72391K, committed 73600K, reserved 1179648K
  class space    used 7595K, committed 8192K, reserved 1048576K
}
Event: 233.750 GC heap before
{Heap before GC invocations=125 (full 12):
 PSYoungGen      total 19968K, used 19552K [0x00000000eab00000, 0x00000000ec400000, 0x0000000100000000)
  eden space 14336K, 100% used [0x00000000eab00000,0x00000000eb900000,0x00000000eb900000)
  from space 5632K, 92% used [0x00000000ebb00000,0x00000000ec018218,0x00000000ec080000)
  to   space 3584K, 0% used [0x00000000ec080000,0x00000000ec080000,0x00000000ec400000)
 ParOldGen       total 440320K, used 416566K [0x00000000c0000000, 0x00000000dae00000, 0x00000000eab00000)
  object space 440320K, 94% used [0x00000000c0000000,0x00000000d96cd808,0x00000000dae00000)
 Metaspace       used 72559K, committed 73856K, reserved 1179648K
  class space    used 7597K, committed 8192K, reserved 1048576K
}
Event: 233.761 GC heap after
{Heap after GC invocations=125 (full 12):
 PSYoungGen      total 17920K, used 3553K [0x00000000eab00000, 0x00000000ec700000, 0x0000000100000000)
  eden space 14336K, 0% used [0x00000000eab00000,0x00000000eab00000,0x00000000eb900000)
  from space 3584K, 99% used [0x00000000ec080000,0x00000000ec3f8478,0x00000000ec400000)
  to   space 7168K, 0% used [0x00000000eb900000,0x00000000eb900000,0x00000000ec000000)
 ParOldGen       total 440320K, used 419822K [0x00000000c0000000, 0x00000000dae00000, 0x00000000eab00000)
  object space 440320K, 95% used [0x00000000c0000000,0x00000000d99fb808,0x00000000dae00000)
 Metaspace       used 72559K, committed 73856K, reserved 1179648K
  class space    used 7597K, committed 8192K, reserved 1048576K
}
Event: 234.322 GC heap before
{Heap before GC invocations=126 (full 12):
 PSYoungGen      total 17920K, used 17889K [0x00000000eab00000, 0x00000000ec700000, 0x0000000100000000)
  eden space 14336K, 100% used [0x00000000eab00000,0x00000000eb900000,0x00000000eb900000)
  from space 3584K, 99% used [0x00000000ec080000,0x00000000ec3f8478,0x00000000ec400000)
  to   space 7168K, 0% used [0x00000000eb900000,0x00000000eb900000,0x00000000ec000000)
 ParOldGen       total 440320K, used 419822K [0x00000000c0000000, 0x00000000dae00000, 0x00000000eab00000)
  object space 440320K, 95% used [0x00000000c0000000,0x00000000d99fb808,0x00000000dae00000)
 Metaspace       used 72573K, committed 73856K, reserved 1179648K
  class space    used 7597K, committed 8192K, reserved 1048576K
}
Event: 234.327 GC heap after
{Heap after GC invocations=126 (full 12):
 PSYoungGen      total 15872K, used 1323K [0x00000000eab00000, 0x00000000ec100000, 0x0000000100000000)
  eden space 14336K, 0% used [0x00000000eab00000,0x00000000eab00000,0x00000000eb900000)
  from space 1536K, 86% used [0x00000000eb900000,0x00000000eba4aea0,0x00000000eba80000)
  to   space 3584K, 0% used [0x00000000ebd80000,0x00000000ebd80000,0x00000000ec100000)
 ParOldGen       total 440320K, used 420463K [0x00000000c0000000, 0x00000000dae00000, 0x00000000eab00000)
  object space 440320K, 95% used [0x00000000c0000000,0x00000000d9a9bcd0,0x00000000dae00000)
 Metaspace       used 72573K, committed 73856K, reserved 1179648K
  class space    used 7597K, committed 8192K, reserved 1048576K
}
Event: 248.640 GC heap before
{Heap before GC invocations=127 (full 12):
 PSYoungGen      total 15872K, used 15317K [0x00000000eab00000, 0x00000000ec100000, 0x0000000100000000)
  eden space 14336K, 97% used [0x00000000eab00000,0x00000000eb8aa788,0x00000000eb900000)
  from space 1536K, 86% used [0x00000000eb900000,0x00000000eba4aea0,0x00000000eba80000)
  to   space 3584K, 0% used [0x00000000ebd80000,0x00000000ebd80000,0x00000000ec100000)
 ParOldGen       total 440320K, used 420463K [0x00000000c0000000, 0x00000000dae00000, 0x00000000eab00000)
  object space 440320K, 95% used [0x00000000c0000000,0x00000000d9a9bcd0,0x00000000dae00000)
 Metaspace       used 72718K, committed 73984K, reserved 1179648K
  class space    used 7601K, committed 8192K, reserved 1048576K
}
Event: 248.656 GC heap after
{Heap after GC invocations=127 (full 12):
 PSYoungGen      total 16384K, used 1611K [0x00000000eab00000, 0x00000000ebf80000, 0x0000000100000000)
  eden space 14336K, 0% used [0x00000000eab00000,0x00000000eab00000,0x00000000eb900000)
  from space 2048K, 78% used [0x00000000ebd80000,0x00000000ebf12ea0,0x00000000ebf80000)
  to   space 2048K, 0% used [0x00000000ebb80000,0x00000000ebb80000,0x00000000ebd80000)
 ParOldGen       total 440320K, used 420471K [0x00000000c0000000, 0x00000000dae00000, 0x00000000eab00000)
  object space 440320K, 95% used [0x00000000c0000000,0x00000000d9a9dcd0,0x00000000dae00000)
 Metaspace       used 72718K, committed 73984K, reserved 1179648K
  class space    used 7601K, committed 8192K, reserved 1048576K
}
Event: 252.051 GC heap before
{Heap before GC invocations=128 (full 12):
 PSYoungGen      total 16384K, used 15947K [0x00000000eab00000, 0x00000000ebf80000, 0x0000000100000000)
  eden space 14336K, 99% used [0x00000000eab00000,0x00000000eb8ffff8,0x00000000eb900000)
  from space 2048K, 78% used [0x00000000ebd80000,0x00000000ebf12ea0,0x00000000ebf80000)
  to   space 2048K, 0% used [0x00000000ebb80000,0x00000000ebb80000,0x00000000ebd80000)
 ParOldGen       total 440320K, used 420471K [0x00000000c0000000, 0x00000000dae00000, 0x00000000eab00000)
  object space 440320K, 95% used [0x00000000c0000000,0x00000000d9a9dcd0,0x00000000dae00000)
 Metaspace       used 72780K, committed 74048K, reserved 1179648K
  class space    used 7601K, committed 8192K, reserved 1048576K
}
Event: 252.059 GC heap after
{Heap after GC invocations=128 (full 12):
 PSYoungGen      total 16384K, used 2020K [0x00000000eab00000, 0x00000000ecc00000, 0x0000000100000000)
  eden space 14336K, 0% used [0x00000000eab00000,0x00000000eab00000,0x00000000eb900000)
  from space 2048K, 98% used [0x00000000ebb80000,0x00000000ebd792a8,0x00000000ebd80000)
  to   space 9728K, 0% used [0x00000000ec280000,0x00000000ec280000,0x00000000ecc00000)
 ParOldGen       total 440320K, used 426711K [0x00000000c0000000, 0x00000000dae00000, 0x00000000eab00000)
  object space 440320K, 96% used [0x00000000c0000000,0x00000000da0b5da0,0x00000000dae00000)
 Metaspace       used 72780K, committed 74048K, reserved 1179648K
  class space    used 7601K, committed 8192K, reserved 1048576K
}
Event: 1818.232 GC heap before
{Heap before GC invocations=129 (full 12):
 PSYoungGen      total 16384K, used 16356K [0x00000000eab00000, 0x00000000ecc00000, 0x0000000100000000)
  eden space 14336K, 100% used [0x00000000eab00000,0x00000000eb900000,0x00000000eb900000)
  from space 2048K, 98% used [0x00000000ebb80000,0x00000000ebd792a8,0x00000000ebd80000)
  to   space 9728K, 0% used [0x00000000ec280000,0x00000000ec280000,0x00000000ecc00000)
 ParOldGen       total 440320K, used 426711K [0x00000000c0000000, 0x00000000dae00000, 0x00000000eab00000)
  object space 440320K, 96% used [0x00000000c0000000,0x00000000da0b5da0,0x00000000dae00000)
 Metaspace       used 72862K, committed 74112K, reserved 1179648K
  class space    used 7605K, committed 8192K, reserved 1048576K
}
Event: 1818.242 GC heap after
{Heap after GC invocations=129 (full 12):
 PSYoungGen      total 24064K, used 9076K [0x00000000eab00000, 0x00000000ecc00000, 0x0000000100000000)
  eden space 14336K, 0% used [0x00000000eab00000,0x00000000eab00000,0x00000000eb900000)
  from space 9728K, 93% used [0x00000000ec280000,0x00000000ecb5d258,0x00000000ecc00000)
  to   space 9728K, 0% used [0x00000000eb900000,0x00000000eb900000,0x00000000ec280000)
 ParOldGen       total 440320K, used 426735K [0x00000000c0000000, 0x00000000dae00000, 0x00000000eab00000)
  object space 440320K, 96% used [0x00000000c0000000,0x00000000da0bbda0,0x00000000dae00000)
 Metaspace       used 72862K, committed 74112K, reserved 1179648K
  class space    used 7605K, committed 8192K, reserved 1048576K
}
Event: 1818.754 GC heap before
{Heap before GC invocations=130 (full 12):
 PSYoungGen      total 24064K, used 23412K [0x00000000eab00000, 0x00000000ecc00000, 0x0000000100000000)
  eden space 14336K, 99% used [0x00000000eab00000,0x00000000eb8fffe0,0x00000000eb900000)
  from space 9728K, 93% used [0x00000000ec280000,0x00000000ecb5d258,0x00000000ecc00000)
  to   space 9728K, 0% used [0x00000000eb900000,0x00000000eb900000,0x00000000ec280000)
 ParOldGen       total 440320K, used 426735K [0x00000000c0000000, 0x00000000dae00000, 0x00000000eab00000)
  object space 440320K, 96% used [0x00000000c0000000,0x00000000da0bbda0,0x00000000dae00000)
 Metaspace       used 72869K, committed 74112K, reserved 1179648K
  class space    used 7605K, committed 8192K, reserved 1048576K
}
Event: 1818.761 GC heap after
{Heap after GC invocations=130 (full 12):
 PSYoungGen      total 21504K, used 6776K [0x00000000eab00000, 0x00000000ec800000, 0x0000000100000000)
  eden space 14336K, 0% used [0x00000000eab00000,0x00000000eab00000,0x00000000eb900000)
  from space 7168K, 94% used [0x00000000eb900000,0x00000000ebf9e168,0x00000000ec000000)
  to   space 7680K, 0% used [0x00000000ec080000,0x00000000ec080000,0x00000000ec800000)
 ParOldGen       total 440320K, used 426735K [0x00000000c0000000, 0x00000000dae00000, 0x00000000eab00000)
  object space 440320K, 96% used [0x00000000c0000000,0x00000000da0bbda0,0x00000000dae00000)
 Metaspace       used 72869K, committed 74112K, reserved 1179648K
  class space    used 7605K, committed 8192K, reserved 1048576K
}

