# JRE version: OpenJDK Runtime Environment Temurin-17.0.10+7 (17.0.10+7) (build 17.0.10+7)
# Java VM: OpenJDK 64-Bit Server VM Temurin-17.0.10+7 (17.0.10+7, mixed mode, tiered, compressed oops, compressed class ptrs, parallel gc, windows-amd64)
GC Precious Log:
 CPUs: 4 total, 4 available
 Memory: 12193M
 Large Page Support: Disabled
 NUMA Support: Disabled
 Compressed Oops: Enabled (32-bit)
 Alignments: Space 512K, Generation 512K, Heap 2M
 Heap Min Capacity: 100M
 Heap Initial Capacity: 100M
 Heap Max Capacity: 1G
 Pre-touch: Disabled
 Parallel Workers: 4
Heap:
 PSYoungGen      total 2560K, used 2528K [0x00000000eab00000, 0x00000000eaf00000, 0x0000000100000000)
  eden space 2048K, 99% used [0x00000000eab00000,0x00000000eacfffe0,0x00000000ead00000)
  from space 512K, 93% used [0x00000000ead80000,0x00000000eadf8020,0x00000000eae00000)
  to   space 1024K, 0% used [0x00000000eae00000,0x00000000eae00000,0x00000000eaf00000)
 ParOldGen       total 114176K, used 92587K [0x00000000c0000000, 0x00000000c6f80000, 0x00000000eab00000)
  object space 114176K, 81% used [0x00000000c0000000,0x00000000c5a6ad30,0x00000000c6f80000)
 Metaspace       used 74059K, committed 75328K, reserved 1179648K
  class space    used 7600K, committed 8192K, reserved 1048576K
GC Heap History (20 events):
Event: 976.529 GC heap before
{Heap before GC invocations=153 (full 7):
 PSYoungGen      total 3072K, used 2592K [0x00000000eab00000, 0x00000000eaf00000, 0x0000000100000000)
  eden space 2048K, 100% used [0x00000000eab00000,0x00000000ead00000,0x00000000ead00000)
  from space 1024K, 53% used [0x00000000ead00000,0x00000000ead88000,0x00000000eae00000)
  to   space 1024K, 0% used [0x00000000eae00000,0x00000000eae00000,0x00000000eaf00000)
 ParOldGen       total 114176K, used 91392K [0x00000000c0000000, 0x00000000c6f80000, 0x00000000eab00000)
  object space 114176K, 80% used [0x00000000c0000000,0x00000000c59403e8,0x00000000c6f80000)
 Metaspace       used 73764K, committed 75136K, reserved 1179648K
  class space    used 7582K, committed 8192K, reserved 1048576K
}
Event: 976.532 GC heap after
{Heap after GC invocations=153 (full 7):
 PSYoungGen      total 2560K, used 384K [0x00000000eab00000, 0x00000000eae80000, 0x0000000100000000)
  eden space 2048K, 0% used [0x00000000eab00000,0x00000000eab00000,0x00000000ead00000)
  from space 512K, 75% used [0x00000000eae00000,0x00000000eae60000,0x00000000eae80000)
  to   space 512K, 0% used [0x00000000ead80000,0x00000000ead80000,0x00000000eae00000)
 ParOldGen       total 114176K, used 91581K [0x00000000c0000000, 0x00000000c6f80000, 0x00000000eab00000)
  object space 114176K, 80% used [0x00000000c0000000,0x00000000c596f660,0x00000000c6f80000)
 Metaspace       used 73764K, committed 75136K, reserved 1179648K
  class space    used 7582K, committed 8192K, reserved 1048576K
}
Event: 1360.947 GC heap before
{Heap before GC invocations=154 (full 7):
 PSYoungGen      total 2560K, used 2432K [0x00000000eab00000, 0x00000000eae80000, 0x0000000100000000)
  eden space 2048K, 100% used [0x00000000eab00000,0x00000000ead00000,0x00000000ead00000)
  from space 512K, 75% used [0x00000000eae00000,0x00000000eae60000,0x00000000eae80000)
  to   space 512K, 0% used [0x00000000ead80000,0x00000000ead80000,0x00000000eae00000)
 ParOldGen       total 114176K, used 91581K [0x00000000c0000000, 0x00000000c6f80000, 0x00000000eab00000)
  object space 114176K, 80% used [0x00000000c0000000,0x00000000c596f660,0x00000000c6f80000)
 Metaspace       used 73806K, committed 75136K, reserved 1179648K
  class space    used 7583K, committed 8192K, reserved 1048576K
}
Event: 1360.948 GC heap after
{Heap after GC invocations=154 (full 7):
 PSYoungGen      total 2560K, used 128K [0x00000000eab00000, 0x00000000eae80000, 0x0000000100000000)
  eden space 2048K, 0% used [0x00000000eab00000,0x00000000eab00000,0x00000000ead00000)
  from space 512K, 25% used [0x00000000ead80000,0x00000000eada0000,0x00000000eae00000)
  to   space 512K, 0% used [0x00000000eae00000,0x00000000eae00000,0x00000000eae80000)
 ParOldGen       total 114176K, used 91613K [0x00000000c0000000, 0x00000000c6f80000, 0x00000000eab00000)
  object space 114176K, 80% used [0x00000000c0000000,0x00000000c5977660,0x00000000c6f80000)
 Metaspace       used 73806K, committed 75136K, reserved 1179648K
  class space    used 7583K, committed 8192K, reserved 1048576K
}
Event: 1485.564 GC heap before
{Heap before GC invocations=155 (full 7):
 PSYoungGen      total 2560K, used 2175K [0x00000000eab00000, 0x00000000eae80000, 0x0000000100000000)
  eden space 2048K, 99% used [0x00000000eab00000,0x00000000eacffe20,0x00000000ead00000)
  from space 512K, 25% used [0x00000000ead80000,0x00000000eada0000,0x00000000eae00000)
  to   space 512K, 0% used [0x00000000eae00000,0x00000000eae00000,0x00000000eae80000)
 ParOldGen       total 114176K, used 91613K [0x00000000c0000000, 0x00000000c6f80000, 0x00000000eab00000)
  object space 114176K, 80% used [0x00000000c0000000,0x00000000c5977660,0x00000000c6f80000)
 Metaspace       used 73840K, committed 75136K, reserved 1179648K
  class space    used 7584K, committed 8192K, reserved 1048576K
}
Event: 1485.565 GC heap after
{Heap after GC invocations=155 (full 7):
 PSYoungGen      total 2560K, used 224K [0x00000000eab00000, 0x00000000eae80000, 0x0000000100000000)
  eden space 2048K, 0% used [0x00000000eab00000,0x00000000eab00000,0x00000000ead00000)
  from space 512K, 43% used [0x00000000eae00000,0x00000000eae38020,0x00000000eae80000)
  to   space 512K, 0% used [0x00000000ead80000,0x00000000ead80000,0x00000000eae00000)
 ParOldGen       total 114176K, used 91645K [0x00000000c0000000, 0x00000000c6f80000, 0x00000000eab00000)
  object space 114176K, 80% used [0x00000000c0000000,0x00000000c597f660,0x00000000c6f80000)
 Metaspace       used 73840K, committed 75136K, reserved 1179648K
  class space    used 7584K, committed 8192K, reserved 1048576K
}
Event: 1485.631 GC heap before
{Heap before GC invocations=156 (full 7):
 PSYoungGen      total 2560K, used 2272K [0x00000000eab00000, 0x00000000eae80000, 0x0000000100000000)
  eden space 2048K, 100% used [0x00000000eab00000,0x00000000ead00000,0x00000000ead00000)
  from space 512K, 43% used [0x00000000eae00000,0x00000000eae38020,0x00000000eae80000)
  to   space 512K, 0% used [0x00000000ead80000,0x00000000ead80000,0x00000000eae00000)
 ParOldGen       total 114176K, used 91645K [0x00000000c0000000, 0x00000000c6f80000, 0x00000000eab00000)
  object space 114176K, 80% used [0x00000000c0000000,0x00000000c597f660,0x00000000c6f80000)
 Metaspace       used 73842K, committed 75136K, reserved 1179648K
  class space    used 7584K, committed 8192K, reserved 1048576K
}
Event: 1485.632 GC heap after
{Heap after GC invocations=156 (full 7):
 PSYoungGen      total 2560K, used 384K [0x00000000eab00000, 0x00000000eae80000, 0x0000000100000000)
  eden space 2048K, 0% used [0x00000000eab00000,0x00000000eab00000,0x00000000ead00000)
  from space 512K, 75% used [0x00000000ead80000,0x00000000eade0000,0x00000000eae00000)
  to   space 512K, 0% used [0x00000000eae00000,0x00000000eae00000,0x00000000eae80000)
 ParOldGen       total 114176K, used 91773K [0x00000000c0000000, 0x00000000c6f80000, 0x00000000eab00000)
  object space 114176K, 80% used [0x00000000c0000000,0x00000000c599f680,0x00000000c6f80000)
 Metaspace       used 73842K, committed 75136K, reserved 1179648K
  class space    used 7584K, committed 8192K, reserved 1048576K
}
Event: 1486.032 GC heap before
{Heap before GC invocations=157 (full 7):
 PSYoungGen      total 2560K, used 2422K [0x00000000eab00000, 0x00000000eae80000, 0x0000000100000000)
  eden space 2048K, 99% used [0x00000000eab00000,0x00000000eacfd898,0x00000000ead00000)
  from space 512K, 75% used [0x00000000ead80000,0x00000000eade0000,0x00000000eae00000)
  to   space 512K, 0% used [0x00000000eae00000,0x00000000eae00000,0x00000000eae80000)
 ParOldGen       total 114176K, used 91773K [0x00000000c0000000, 0x00000000c6f80000, 0x00000000eab00000)
  object space 114176K, 80% used [0x00000000c0000000,0x00000000c599f680,0x00000000c6f80000)
 Metaspace       used 73847K, committed 75136K, reserved 1179648K
  class space    used 7584K, committed 8192K, reserved 1048576K
}
Event: 1486.033 GC heap after
{Heap after GC invocations=157 (full 7):
 PSYoungGen      total 2560K, used 224K [0x00000000eab00000, 0x00000000eae80000, 0x0000000100000000)
  eden space 2048K, 0% used [0x00000000eab00000,0x00000000eab00000,0x00000000ead00000)
  from space 512K, 43% used [0x00000000eae00000,0x00000000eae38020,0x00000000eae80000)
  to   space 512K, 0% used [0x00000000ead80000,0x00000000ead80000,0x00000000eae00000)
 ParOldGen       total 114176K, used 91832K [0x00000000c0000000, 0x00000000c6f80000, 0x00000000eab00000)
  object space 114176K, 80% used [0x00000000c0000000,0x00000000c59ae390,0x00000000c6f80000)
 Metaspace       used 73847K, committed 75136K, reserved 1179648K
  class space    used 7584K, committed 8192K, reserved 1048576K
}
Event: 1486.117 GC heap before
{Heap before GC invocations=158 (full 7):
 PSYoungGen      total 2560K, used 2272K [0x00000000eab00000, 0x00000000eae80000, 0x0000000100000000)
  eden space 2048K, 100% used [0x00000000eab00000,0x00000000ead00000,0x00000000ead00000)
  from space 512K, 43% used [0x00000000eae00000,0x00000000eae38020,0x00000000eae80000)
  to   space 512K, 0% used [0x00000000ead80000,0x00000000ead80000,0x00000000eae00000)
 ParOldGen       total 114176K, used 91832K [0x00000000c0000000, 0x00000000c6f80000, 0x00000000eab00000)
  object space 114176K, 80% used [0x00000000c0000000,0x00000000c59ae390,0x00000000c6f80000)
 Metaspace       used 73853K, committed 75136K, reserved 1179648K
  class space    used 7584K, committed 8192K, reserved 1048576K
}
Event: 1486.118 GC heap after
{Heap after GC invocations=158 (full 7):
 PSYoungGen      total 2560K, used 496K [0x00000000eab00000, 0x00000000eaf00000, 0x0000000100000000)
  eden space 2048K, 0% used [0x00000000eab00000,0x00000000eab00000,0x00000000ead00000)
  from space 512K, 96% used [0x00000000ead80000,0x00000000eadfc050,0x00000000eae00000)
  to   space 1024K, 0% used [0x00000000eae00000,0x00000000eae00000,0x00000000eaf00000)
 ParOldGen       total 114176K, used 92086K [0x00000000c0000000, 0x00000000c6f80000, 0x00000000eab00000)
  object space 114176K, 80% used [0x00000000c0000000,0x00000000c59ed830,0x00000000c6f80000)
 Metaspace       used 73853K, committed 75136K, reserved 1179648K
  class space    used 7584K, committed 8192K, reserved 1048576K
}
Event: 1486.211 GC heap before
{Heap before GC invocations=159 (full 7):
 PSYoungGen      total 2560K, used 2544K [0x00000000eab00000, 0x00000000eaf00000, 0x0000000100000000)
  eden space 2048K, 99% used [0x00000000eab00000,0x00000000eacfffe0,0x00000000ead00000)
  from space 512K, 96% used [0x00000000ead80000,0x00000000eadfc050,0x00000000eae00000)
  to   space 1024K, 0% used [0x00000000eae00000,0x00000000eae00000,0x00000000eaf00000)
 ParOldGen       total 114176K, used 92086K [0x00000000c0000000, 0x00000000c6f80000, 0x00000000eab00000)
  object space 114176K, 80% used [0x00000000c0000000,0x00000000c59ed830,0x00000000c6f80000)
 Metaspace       used 73859K, committed 75136K, reserved 1179648K
  class space    used 7584K, committed 8192K, reserved 1048576K
}
Event: 1486.212 GC heap after
{Heap after GC invocations=159 (full 7):
 PSYoungGen      total 2560K, used 256K [0x00000000eab00000, 0x00000000eae80000, 0x0000000100000000)
  eden space 2048K, 0% used [0x00000000eab00000,0x00000000eab00000,0x00000000ead00000)
  from space 512K, 50% used [0x00000000eae00000,0x00000000eae40000,0x00000000eae80000)
  to   space 512K, 0% used [0x00000000ead80000,0x00000000ead80000,0x00000000eae00000)
 ParOldGen       total 114176K, used 92571K [0x00000000c0000000, 0x00000000c6f80000, 0x00000000eab00000)
  object space 114176K, 81% used [0x00000000c0000000,0x00000000c5a66d30,0x00000000c6f80000)
 Metaspace       used 73859K, committed 75136K, reserved 1179648K
  class space    used 7584K, committed 8192K, reserved 1048576K
}
Event: 1487.178 GC heap before
{Heap before GC invocations=160 (full 7):
 PSYoungGen      total 2560K, used 2303K [0x00000000eab00000, 0x00000000eae80000, 0x0000000100000000)
  eden space 2048K, 99% used [0x00000000eab00000,0x00000000eacffff8,0x00000000ead00000)
  from space 512K, 50% used [0x00000000eae00000,0x00000000eae40000,0x00000000eae80000)
  to   space 512K, 0% used [0x00000000ead80000,0x00000000ead80000,0x00000000eae00000)
 ParOldGen       total 114176K, used 92571K [0x00000000c0000000, 0x00000000c6f80000, 0x00000000eab00000)
  object space 114176K, 81% used [0x00000000c0000000,0x00000000c5a66d30,0x00000000c6f80000)
 Metaspace       used 73869K, committed 75136K, reserved 1179648K
  class space    used 7584K, committed 8192K, reserved 1048576K
}
Event: 1487.178 GC heap after
{Heap after GC invocations=160 (full 7):
 PSYoungGen      total 2560K, used 256K [0x00000000eab00000, 0x00000000eae80000, 0x0000000100000000)
  eden space 2048K, 0% used [0x00000000eab00000,0x00000000eab00000,0x00000000ead00000)
  from space 512K, 50% used [0x00000000ead80000,0x00000000eadc0000,0x00000000eae00000)
  to   space 512K, 0% used [0x00000000eae00000,0x00000000eae00000,0x00000000eae80000)
 ParOldGen       total 114176K, used 92571K [0x00000000c0000000, 0x00000000c6f80000, 0x00000000eab00000)
  object space 114176K, 81% used [0x00000000c0000000,0x00000000c5a66d30,0x00000000c6f80000)
 Metaspace       used 73869K, committed 75136K, reserved 1179648K
  class space    used 7584K, committed 8192K, reserved 1048576K
}
Event: 1488.207 GC heap before
{Heap before GC invocations=161 (full 7):
 PSYoungGen      total 2560K, used 2303K [0x00000000eab00000, 0x00000000eae80000, 0x0000000100000000)
  eden space 2048K, 99% used [0x00000000eab00000,0x00000000eacffff8,0x00000000ead00000)
  from space 512K, 50% used [0x00000000ead80000,0x00000000eadc0000,0x00000000eae00000)
  to   space 512K, 0% used [0x00000000eae00000,0x00000000eae00000,0x00000000eae80000)
 ParOldGen       total 114176K, used 92571K [0x00000000c0000000, 0x00000000c6f80000, 0x00000000eab00000)
  object space 114176K, 81% used [0x00000000c0000000,0x00000000c5a66d30,0x00000000c6f80000)
 Metaspace       used 73873K, committed 75200K, reserved 1179648K
  class space    used 7584K, committed 8192K, reserved 1048576K
}
Event: 1488.209 GC heap after
{Heap after GC invocations=161 (full 7):
 PSYoungGen      total 2560K, used 288K [0x00000000eab00000, 0x00000000eae80000, 0x0000000100000000)
  eden space 2048K, 0% used [0x00000000eab00000,0x00000000eab00000,0x00000000ead00000)
  from space 512K, 56% used [0x00000000eae00000,0x00000000eae48000,0x00000000eae80000)
  to   space 512K, 0% used [0x00000000ead80000,0x00000000ead80000,0x00000000eae00000)
 ParOldGen       total 114176K, used 92571K [0x00000000c0000000, 0x00000000c6f80000, 0x00000000eab00000)
  object space 114176K, 81% used [0x00000000c0000000,0x00000000c5a66d30,0x00000000c6f80000)
 Metaspace       used 73873K, committed 75200K, reserved 1179648K
  class space    used 7584K, committed 8192K, reserved 1048576K
}
Event: 1495.756 GC heap before
{Heap before GC invocations=162 (full 7):
 PSYoungGen      total 2560K, used 2335K [0x00000000eab00000, 0x00000000eae80000, 0x0000000100000000)
  eden space 2048K, 99% used [0x00000000eab00000,0x00000000eacfff98,0x00000000ead00000)
  from space 512K, 56% used [0x00000000eae00000,0x00000000eae48000,0x00000000eae80000)
  to   space 512K, 0% used [0x00000000ead80000,0x00000000ead80000,0x00000000eae00000)
 ParOldGen       total 114176K, used 92571K [0x00000000c0000000, 0x00000000c6f80000, 0x00000000eab00000)
  object space 114176K, 81% used [0x00000000c0000000,0x00000000c5a66d30,0x00000000c6f80000)
 Metaspace       used 73890K, committed 75200K, reserved 1179648K
  class space    used 7585K, committed 8192K, reserved 1048576K
}
Event: 1495.757 GC heap after
{Heap after GC invocations=162 (full 7):
 PSYoungGen      total 2560K, used 480K [0x00000000eab00000, 0x00000000eaf00000, 0x0000000100000000)
  eden space 2048K, 0% used [0x00000000eab00000,0x00000000eab00000,0x00000000ead00000)
  from space 512K, 93% used [0x00000000ead80000,0x00000000eadf8020,0x00000000eae00000)
  to   space 1024K, 0% used [0x00000000eae00000,0x00000000eae00000,0x00000000eaf00000)
 ParOldGen       total 114176K, used 92587K [0x00000000c0000000, 0x00000000c6f80000, 0x00000000eab00000)
  object space 114176K, 81% used [0x00000000c0000000,0x00000000c5a6ad30,0x00000000c6f80000)
 Metaspace       used 73890K, committed 75200K, reserved 1179648K
  class space    used 7585K, committed 8192K, reserved 1048576K
}

