# JRE version: OpenJDK Runtime Environment Temurin-17.0.10+7 (17.0.10+7) (build 17.0.10+7)
# Java VM: OpenJDK 64-Bit Server VM Temurin-17.0.10+7 (17.0.10+7, mixed mode, tiered, compressed oops, compressed class ptrs, parallel gc, windows-amd64)
GC Precious Log:
 CPUs: 4 total, 4 available
 Memory: 12193M
 Large Page Support: Disabled
 NUMA Support: Disabled
 Compressed Oops: Enabled (32-bit)
 Alignments: Space 512K, Generation 512K, Heap 2M
 Heap Min Capacity: 100M
 Heap Initial Capacity: 100M
 Heap Max Capacity: 1G
 Pre-touch: Disabled
 Parallel Workers: 4
Heap:
 PSYoungGen      total 12800K, used 9061K [0x00000000eab00000, 0x00000000ebd80000, 0x0000000100000000)
  eden space 9728K, 62% used [0x00000000eab00000,0x00000000eb0e48a8,0x00000000eb480000)
  from space 3072K, 98% used [0x00000000eb480000,0x00000000eb774d28,0x00000000eb780000)
  to   space 4608K, 0% used [0x00000000eb900000,0x00000000eb900000,0x00000000ebd80000)
 ParOldGen       total 121856K, used 88591K [0x00000000c0000000, 0x00000000c7700000, 0x00000000eab00000)
  object space 121856K, 72% used [0x00000000c0000000,0x00000000c5683f18,0x00000000c7700000)
 Metaspace       used 75042K, committed 76352K, reserved 1179648K
  class space    used 7529K, committed 8128K, reserved 1048576K
GC Heap History (20 events):
Event: 43.963 GC heap before
{Heap before GC invocations=81 (full 7):
 PSYoungGen      total 15872K, used 14366K [0x00000000eab00000, 0x00000000ebd80000, 0x0000000100000000)
  eden space 13824K, 90% used [0x00000000eab00000,0x00000000eb72f9d0,0x00000000eb880000)
  from space 2048K, 92% used [0x00000000eb880000,0x00000000eba58060,0x00000000eba80000)
  to   space 2560K, 0% used [0x00000000ebb00000,0x00000000ebb00000,0x00000000ebd80000)
 ParOldGen       total 121856K, used 84982K [0x00000000c0000000, 0x00000000c7700000, 0x00000000eab00000)
  object space 121856K, 69% used [0x00000000c0000000,0x00000000c52fd930,0x00000000c7700000)
 Metaspace       used 74019K, committed 75264K, reserved 1179648K
  class space    used 7471K, committed 8064K, reserved 1048576K
}
Event: 43.966 GC heap after
{Heap after GC invocations=81 (full 7):
 PSYoungGen      total 16384K, used 1998K [0x00000000eab00000, 0x00000000ebd80000, 0x0000000100000000)
  eden space 13824K, 0% used [0x00000000eab00000,0x00000000eab00000,0x00000000eb880000)
  from space 2560K, 78% used [0x00000000ebb00000,0x00000000ebcf3a38,0x00000000ebd80000)
  to   space 2560K, 0% used [0x00000000eb880000,0x00000000eb880000,0x00000000ebb00000)
 ParOldGen       total 121856K, used 84982K [0x00000000c0000000, 0x00000000c7700000, 0x00000000eab00000)
  object space 121856K, 69% used [0x00000000c0000000,0x00000000c52fd930,0x00000000c7700000)
 Metaspace       used 74019K, committed 75264K, reserved 1179648K
  class space    used 7471K, committed 8064K, reserved 1048576K
}
Event: 44.238 GC heap before
{Heap before GC invocations=82 (full 7):
 PSYoungGen      total 16384K, used 15822K [0x00000000eab00000, 0x00000000ebd80000, 0x0000000100000000)
  eden space 13824K, 100% used [0x00000000eab00000,0x00000000eb880000,0x00000000eb880000)
  from space 2560K, 78% used [0x00000000ebb00000,0x00000000ebcf3a38,0x00000000ebd80000)
  to   space 2560K, 0% used [0x00000000eb880000,0x00000000eb880000,0x00000000ebb00000)
 ParOldGen       total 121856K, used 84982K [0x00000000c0000000, 0x00000000c7700000, 0x00000000eab00000)
  object space 121856K, 69% used [0x00000000c0000000,0x00000000c52fd930,0x00000000c7700000)
 Metaspace       used 74112K, committed 75328K, reserved 1179648K
  class space    used 7471K, committed 8064K, reserved 1048576K
}
Event: 44.243 GC heap after
{Heap after GC invocations=82 (full 7):
 PSYoungGen      total 16384K, used 2212K [0x00000000eab00000, 0x00000000ebd80000, 0x0000000100000000)
  eden space 13824K, 0% used [0x00000000eab00000,0x00000000eab00000,0x00000000eb880000)
  from space 2560K, 86% used [0x00000000eb880000,0x00000000ebaa91b8,0x00000000ebb00000)
  to   space 2560K, 0% used [0x00000000ebb00000,0x00000000ebb00000,0x00000000ebd80000)
 ParOldGen       total 121856K, used 84982K [0x00000000c0000000, 0x00000000c7700000, 0x00000000eab00000)
  object space 121856K, 69% used [0x00000000c0000000,0x00000000c52fd930,0x00000000c7700000)
 Metaspace       used 74112K, committed 75328K, reserved 1179648K
  class space    used 7471K, committed 8064K, reserved 1048576K
}
Event: 44.646 GC heap before
{Heap before GC invocations=83 (full 7):
 PSYoungGen      total 16384K, used 16036K [0x00000000eab00000, 0x00000000ebd80000, 0x0000000100000000)
  eden space 13824K, 100% used [0x00000000eab00000,0x00000000eb880000,0x00000000eb880000)
  from space 2560K, 86% used [0x00000000eb880000,0x00000000ebaa91b8,0x00000000ebb00000)
  to   space 2560K, 0% used [0x00000000ebb00000,0x00000000ebb00000,0x00000000ebd80000)
 ParOldGen       total 121856K, used 84982K [0x00000000c0000000, 0x00000000c7700000, 0x00000000eab00000)
  object space 121856K, 69% used [0x00000000c0000000,0x00000000c52fd930,0x00000000c7700000)
 Metaspace       used 74132K, committed 75392K, reserved 1179648K
  class space    used 7471K, committed 8064K, reserved 1048576K
}
Event: 44.650 GC heap after
{Heap after GC invocations=83 (full 7):
 PSYoungGen      total 16384K, used 2212K [0x00000000eab00000, 0x00000000ebd80000, 0x0000000100000000)
  eden space 13824K, 0% used [0x00000000eab00000,0x00000000eab00000,0x00000000eb880000)
  from space 2560K, 86% used [0x00000000ebb00000,0x00000000ebd291b8,0x00000000ebd80000)
  to   space 2560K, 0% used [0x00000000eb880000,0x00000000eb880000,0x00000000ebb00000)
 ParOldGen       total 121856K, used 84990K [0x00000000c0000000, 0x00000000c7700000, 0x00000000eab00000)
  object space 121856K, 69% used [0x00000000c0000000,0x00000000c52ff930,0x00000000c7700000)
 Metaspace       used 74132K, committed 75392K, reserved 1179648K
  class space    used 7471K, committed 8064K, reserved 1048576K
}
Event: 225.191 GC heap before
{Heap before GC invocations=84 (full 7):
 PSYoungGen      total 16384K, used 16036K [0x00000000eab00000, 0x00000000ebd80000, 0x0000000100000000)
  eden space 13824K, 100% used [0x00000000eab00000,0x00000000eb880000,0x00000000eb880000)
  from space 2560K, 86% used [0x00000000ebb00000,0x00000000ebd291b8,0x00000000ebd80000)
  to   space 2560K, 0% used [0x00000000eb880000,0x00000000eb880000,0x00000000ebb00000)
 ParOldGen       total 121856K, used 84990K [0x00000000c0000000, 0x00000000c7700000, 0x00000000eab00000)
  object space 121856K, 69% used [0x00000000c0000000,0x00000000c52ff930,0x00000000c7700000)
 Metaspace       used 74413K, committed 75776K, reserved 1179648K
  class space    used 7501K, committed 8128K, reserved 1048576K
}
Event: 225.194 GC heap after
{Heap after GC invocations=84 (full 7):
 PSYoungGen      total 16384K, used 2532K [0x00000000eab00000, 0x00000000ebf80000, 0x0000000100000000)
  eden space 13824K, 0% used [0x00000000eab00000,0x00000000eab00000,0x00000000eb880000)
  from space 2560K, 98% used [0x00000000eb880000,0x00000000ebaf91d8,0x00000000ebb00000)
  to   space 3584K, 0% used [0x00000000ebc00000,0x00000000ebc00000,0x00000000ebf80000)
 ParOldGen       total 121856K, used 85431K [0x00000000c0000000, 0x00000000c7700000, 0x00000000eab00000)
  object space 121856K, 70% used [0x00000000c0000000,0x00000000c536dde0,0x00000000c7700000)
 Metaspace       used 74413K, committed 75776K, reserved 1179648K
  class space    used 7501K, committed 8128K, reserved 1048576K
}
Event: 233.276 GC heap before
{Heap before GC invocations=85 (full 7):
 PSYoungGen      total 16384K, used 16356K [0x00000000eab00000, 0x00000000ebf80000, 0x0000000100000000)
  eden space 13824K, 100% used [0x00000000eab00000,0x00000000eb880000,0x00000000eb880000)
  from space 2560K, 98% used [0x00000000eb880000,0x00000000ebaf91d8,0x00000000ebb00000)
  to   space 3584K, 0% used [0x00000000ebc00000,0x00000000ebc00000,0x00000000ebf80000)
 ParOldGen       total 121856K, used 85431K [0x00000000c0000000, 0x00000000c7700000, 0x00000000eab00000)
  object space 121856K, 70% used [0x00000000c0000000,0x00000000c536dde0,0x00000000c7700000)
 Metaspace       used 74466K, committed 75776K, reserved 1179648K
  class space    used 7501K, committed 8128K, reserved 1048576K
}
Event: 233.285 GC heap after
{Heap after GC invocations=85 (full 7):
 PSYoungGen      total 17408K, used 3268K [0x00000000eab00000, 0x00000000ebf80000, 0x0000000100000000)
  eden space 13824K, 0% used [0x00000000eab00000,0x00000000eab00000,0x00000000eb880000)
  from space 3584K, 91% used [0x00000000ebc00000,0x00000000ebf31218,0x00000000ebf80000)
  to   space 3584K, 0% used [0x00000000eb880000,0x00000000eb880000,0x00000000ebc00000)
 ParOldGen       total 121856K, used 85439K [0x00000000c0000000, 0x00000000c7700000, 0x00000000eab00000)
  object space 121856K, 70% used [0x00000000c0000000,0x00000000c536fde0,0x00000000c7700000)
 Metaspace       used 74466K, committed 75776K, reserved 1179648K
  class space    used 7501K, committed 8128K, reserved 1048576K
}
Event: 234.219 GC heap before
{Heap before GC invocations=86 (full 7):
 PSYoungGen      total 17408K, used 17092K [0x00000000eab00000, 0x00000000ebf80000, 0x0000000100000000)
  eden space 13824K, 100% used [0x00000000eab00000,0x00000000eb880000,0x00000000eb880000)
  from space 3584K, 91% used [0x00000000ebc00000,0x00000000ebf31218,0x00000000ebf80000)
  to   space 3584K, 0% used [0x00000000eb880000,0x00000000eb880000,0x00000000ebc00000)
 ParOldGen       total 121856K, used 85439K [0x00000000c0000000, 0x00000000c7700000, 0x00000000eab00000)
  object space 121856K, 70% used [0x00000000c0000000,0x00000000c536fde0,0x00000000c7700000)
 Metaspace       used 74517K, committed 75840K, reserved 1179648K
  class space    used 7502K, committed 8128K, reserved 1048576K
}
Event: 234.226 GC heap after
{Heap after GC invocations=86 (full 7):
 PSYoungGen      total 17408K, used 3464K [0x00000000eab00000, 0x00000000ebf80000, 0x0000000100000000)
  eden space 13824K, 0% used [0x00000000eab00000,0x00000000eab00000,0x00000000eb880000)
  from space 3584K, 96% used [0x00000000eb880000,0x00000000ebbe23c8,0x00000000ebc00000)
  to   space 3584K, 0% used [0x00000000ebc00000,0x00000000ebc00000,0x00000000ebf80000)
 ParOldGen       total 121856K, used 85439K [0x00000000c0000000, 0x00000000c7700000, 0x00000000eab00000)
  object space 121856K, 70% used [0x00000000c0000000,0x00000000c536fde0,0x00000000c7700000)
 Metaspace       used 74517K, committed 75840K, reserved 1179648K
  class space    used 7502K, committed 8128K, reserved 1048576K
}
Event: 1471.309 GC heap before
{Heap before GC invocations=87 (full 7):
 PSYoungGen      total 17408K, used 17288K [0x00000000eab00000, 0x00000000ebf80000, 0x0000000100000000)
  eden space 13824K, 100% used [0x00000000eab00000,0x00000000eb880000,0x00000000eb880000)
  from space 3584K, 96% used [0x00000000eb880000,0x00000000ebbe23c8,0x00000000ebc00000)
  to   space 3584K, 0% used [0x00000000ebc00000,0x00000000ebc00000,0x00000000ebf80000)
 ParOldGen       total 121856K, used 85439K [0x00000000c0000000, 0x00000000c7700000, 0x00000000eab00000)
  object space 121856K, 70% used [0x00000000c0000000,0x00000000c536fde0,0x00000000c7700000)
 Metaspace       used 74770K, committed 76096K, reserved 1179648K
  class space    used 7526K, committed 8128K, reserved 1048576K
}
Event: 1471.312 GC heap after
{Heap after GC invocations=87 (full 7):
 PSYoungGen      total 17408K, used 3352K [0x00000000eab00000, 0x00000000ebf80000, 0x0000000100000000)
  eden space 13824K, 0% used [0x00000000eab00000,0x00000000eab00000,0x00000000eb880000)
  from space 3584K, 93% used [0x00000000ebc00000,0x00000000ebf463b8,0x00000000ebf80000)
  to   space 3584K, 0% used [0x00000000eb880000,0x00000000eb880000,0x00000000ebc00000)
 ParOldGen       total 121856K, used 85447K [0x00000000c0000000, 0x00000000c7700000, 0x00000000eab00000)
  object space 121856K, 70% used [0x00000000c0000000,0x00000000c5371de0,0x00000000c7700000)
 Metaspace       used 74770K, committed 76096K, reserved 1179648K
  class space    used 7526K, committed 8128K, reserved 1048576K
}
Event: 1476.738 GC heap before
{Heap before GC invocations=88 (full 7):
 PSYoungGen      total 17408K, used 15371K [0x00000000eab00000, 0x00000000ebf80000, 0x0000000100000000)
  eden space 13824K, 86% used [0x00000000eab00000,0x00000000eb6bcbb0,0x00000000eb880000)
  from space 3584K, 93% used [0x00000000ebc00000,0x00000000ebf463b8,0x00000000ebf80000)
  to   space 3584K, 0% used [0x00000000eb880000,0x00000000eb880000,0x00000000ebc00000)
 ParOldGen       total 121856K, used 85447K [0x00000000c0000000, 0x00000000c7700000, 0x00000000eab00000)
  object space 121856K, 70% used [0x00000000c0000000,0x00000000c5371de0,0x00000000c7700000)
 Metaspace       used 74852K, committed 76160K, reserved 1179648K
  class space    used 7527K, committed 8128K, reserved 1048576K
}
Event: 1476.742 GC heap after
{Heap after GC invocations=88 (full 7):
 PSYoungGen      total 17408K, used 3576K [0x00000000eab00000, 0x00000000ec080000, 0x0000000100000000)
  eden space 13824K, 0% used [0x00000000eab00000,0x00000000eab00000,0x00000000eb880000)
  from space 3584K, 99% used [0x00000000eb880000,0x00000000ebbfe3b8,0x00000000ebc00000)
  to   space 4096K, 0% used [0x00000000ebc80000,0x00000000ebc80000,0x00000000ec080000)
 ParOldGen       total 121856K, used 85471K [0x00000000c0000000, 0x00000000c7700000, 0x00000000eab00000)
  object space 121856K, 70% used [0x00000000c0000000,0x00000000c5377de0,0x00000000c7700000)
 Metaspace       used 74852K, committed 76160K, reserved 1179648K
  class space    used 7527K, committed 8128K, reserved 1048576K
}
Event: 1476.778 GC heap before
{Heap before GC invocations=89 (full 7):
 PSYoungGen      total 17408K, used 17400K [0x00000000eab00000, 0x00000000ec080000, 0x0000000100000000)
  eden space 13824K, 100% used [0x00000000eab00000,0x00000000eb880000,0x00000000eb880000)
  from space 3584K, 99% used [0x00000000eb880000,0x00000000ebbfe3b8,0x00000000ebc00000)
  to   space 4096K, 0% used [0x00000000ebc80000,0x00000000ebc80000,0x00000000ec080000)
 ParOldGen       total 121856K, used 85471K [0x00000000c0000000, 0x00000000c7700000, 0x00000000eab00000)
  object space 121856K, 70% used [0x00000000c0000000,0x00000000c5377de0,0x00000000c7700000)
 Metaspace       used 74856K, committed 76160K, reserved 1179648K
  class space    used 7527K, committed 8128K, reserved 1048576K
}
Event: 1476.782 GC heap after
{Heap after GC invocations=89 (full 7):
 PSYoungGen      total 13824K, used 4070K [0x00000000eab00000, 0x00000000ec880000, 0x0000000100000000)
  eden space 9728K, 0% used [0x00000000eab00000,0x00000000eab00000,0x00000000eb480000)
  from space 4096K, 99% used [0x00000000ebc80000,0x00000000ec079b88,0x00000000ec080000)
  to   space 8192K, 0% used [0x00000000eb480000,0x00000000eb480000,0x00000000ebc80000)
 ParOldGen       total 121856K, used 88583K [0x00000000c0000000, 0x00000000c7700000, 0x00000000eab00000)
  object space 121856K, 72% used [0x00000000c0000000,0x00000000c5681f18,0x00000000c7700000)
 Metaspace       used 74856K, committed 76160K, reserved 1179648K
  class space    used 7527K, committed 8128K, reserved 1048576K
}
Event: 1477.641 GC heap before
{Heap before GC invocations=90 (full 7):
 PSYoungGen      total 13824K, used 13798K [0x00000000eab00000, 0x00000000ec880000, 0x0000000100000000)
  eden space 9728K, 100% used [0x00000000eab00000,0x00000000eb480000,0x00000000eb480000)
  from space 4096K, 99% used [0x00000000ebc80000,0x00000000ec079b88,0x00000000ec080000)
  to   space 8192K, 0% used [0x00000000eb480000,0x00000000eb480000,0x00000000ebc80000)
 ParOldGen       total 121856K, used 88583K [0x00000000c0000000, 0x00000000c7700000, 0x00000000eab00000)
  object space 121856K, 72% used [0x00000000c0000000,0x00000000c5681f18,0x00000000c7700000)
 Metaspace       used 74978K, committed 76224K, reserved 1179648K
  class space    used 7529K, committed 8128K, reserved 1048576K
}
Event: 1477.644 GC heap after
{Heap after GC invocations=90 (full 7):
 PSYoungGen      total 12800K, used 3027K [0x00000000eab00000, 0x00000000ebd80000, 0x0000000100000000)
  eden space 9728K, 0% used [0x00000000eab00000,0x00000000eab00000,0x00000000eb480000)
  from space 3072K, 98% used [0x00000000eb480000,0x00000000eb774d28,0x00000000eb780000)
  to   space 4608K, 0% used [0x00000000eb900000,0x00000000eb900000,0x00000000ebd80000)
 ParOldGen       total 121856K, used 88591K [0x00000000c0000000, 0x00000000c7700000, 0x00000000eab00000)
  object space 121856K, 72% used [0x00000000c0000000,0x00000000c5683f18,0x00000000c7700000)
 Metaspace       used 74978K, committed 76224K, reserved 1179648K
  class space    used 7529K, committed 8128K, reserved 1048576K
}

